1612990954083	geckodriver	INFO	Listening on 127.0.0.1:41349
1612990954087	mozrunner::runner	INFO	Running command: "/usr/bin/firefox" "--marionette" "-foreground" "-no-remote" "-profile" "/tmp/rust_mozprofilerPUxLm"
console.warn: SearchSettings: "get: No settings file exists, new profile?" (new Error("", "(unknown module)"))
1612990958293	Marionette	INFO	Listening on port 45661
1612990958317	Marionette	WARN	TLS certificate errors will be ignored for this session
1612990958330	Marionette	ERROR	[15] No reply from Marionette:Register
console.warn: SearchSettings: "get: No settings file exists, new profile?" (new Error("", "(unknown module)"))
1612990966595	Marionette	INFO	Stopped listening on port 45661
1612990987433	geckodriver	INFO	Listening on 127.0.0.1:36207
1612990987437	mozrunner::runner	INFO	Running command: "/usr/bin/firefox" "--marionette" "-foreground" "-no-remote" "-profile" "/tmp/rust_mozprofilelbuc2R"
console.warn: SearchSettings: "get: No settings file exists, new profile?" (new Error("", "(unknown module)"))
1612990991832	Marionette	INFO	Listening on port 42415
1612990991884	Marionette	WARN	TLS certificate errors will be ignored for this session
1612990991904	Marionette	ERROR	[15] No reply from Marionette:Register
console.warn: SearchSettings: "get: No settings file exists, new profile?" (new Error("", "(unknown module)"))
1612990999438	Marionette	ERROR	[33] No reply from Marionette:Register
1612991000048	Marionette	INFO	Stopped listening on port 42415

###!!! [Parent][RunMessage] Error: Channel closing: too late to send/recv, messages will be lost

1612991002456	geckodriver	INFO	Listening on 127.0.0.1:47299
1612991002460	mozrunner::runner	INFO	Running command: "/usr/bin/firefox" "--marionette" "-foreground" "-no-remote" "-profile" "/tmp/rust_mozprofile0hGB6u"
console.warn: SearchSettings: "get: No settings file exists, new profile?" (new Error("", "(unknown module)"))
1612991006696	Marionette	INFO	Listening on port 39861
Exiting due to channel error.
Exiting due to channel error.
Exiting due to channel error.
1612991009450	geckodriver	INFO	Listening on 127.0.0.1:39039
1612991009454	mozrunner::runner	INFO	Running command: "/usr/bin/firefox" "--marionette" "-foreground" "-no-remote" "-profile" "/tmp/rust_mozprofileDJ1DOw"
console.warn: SearchSettings: "get: No settings file exists, new profile?" (new Error("", "(unknown module)"))
1612991013853	Marionette	INFO	Listening on port 41299
1612991013898	Marionette	WARN	TLS certificate errors will be ignored for this session
1612991013914	Marionette	ERROR	[15] No reply from Marionette:Register
1612991015935	Marionette	WARN	Ignoring event 'DOMContentLoaded' because document has an invalid readyState of 'complete'.
JavaScript error: resource://activity-stream/lib/ASRouter.jsm, line 987: NS_ERROR_ILLEGAL_VALUE: Component returned failure code: 0x80070057 (NS_ERROR_ILLEGAL_VALUE) [nsIObserverService.removeObserver]
JavaScript error: resource://gre/modules/UrlClassifierListManager.jsm, line 691: TypeError: this.tablesData[table] is undefined
console.error: "Could not load engine google@search.mozilla.org: [Exception... \"AddonManager is not initialized\"  nsresult: \"0xc1f30001 (NS_ERROR_NOT_INITIALIZED)\"  location: \"JS frame :: resource://gre/modules/AddonManager.jsm :: installBuiltinAddon :: line 2550\"  data: no]"
console.error: "Could not load engine wikipedia@search.mozilla.org: [Exception... \"AddonManager is not initialized\"  nsresult: \"0xc1f30001 (NS_ERROR_NOT_INITIALIZED)\"  location: \"JS frame :: resource://gre/modules/AddonManager.jsm :: installBuiltinAddon :: line 2550\"  data: no]"
console.error: "Could not load engine mercadolivre@search.mozilla.org: [Exception... \"AddonManager is not initialized\"  nsresult: \"0xc1f30001 (NS_ERROR_NOT_INITIALIZED)\"  location: \"JS frame :: resource://gre/modules/AddonManager.jsm :: installBuiltinAddon :: line 2550\"  data: no]"
console.error: "Could not load engine bing@search.mozilla.org: [Exception... \"AddonManager is not initialized\"  nsresult: \"0xc1f30001 (NS_ERROR_NOT_INITIALIZED)\"  location: \"JS frame :: resource://gre/modules/AddonManager.jsm :: installBuiltinAddon :: line 2550\"  data: no]"
console.error: "Could not load engine ddg@search.mozilla.org: [Exception... \"AddonManager is not initialized\"  nsresult: \"0xc1f30001 (NS_ERROR_NOT_INITIALIZED)\"  location: \"JS frame :: resource://gre/modules/AddonManager.jsm :: installBuiltinAddon :: line 2550\"  data: no]"
console.warn: SearchService: "_init: abandoning init due to shutting down"
JavaScript error: resource://gre/modules/AsyncShutdown.jsm, line 573: uncaught exception: 2147500036
JavaScript error: resource://gre/modules/AsyncShutdown.jsm, line 573: uncaught exception: 2147500036
JavaScript error: resource://gre/modules/AsyncShutdown.jsm, line 573: uncaught exception: 2147500036
JavaScript error: resource://gre/modules/AsyncShutdown.jsm, line 573: uncaught exception: 2147500036
JavaScript error: resource://gre/modules/AsyncShutdown.jsm, line 573: uncaught exception: 2147500036
JavaScript error: resource://gre/modules/AsyncShutdown.jsm, line 573: uncaught exception: 2147500036
JavaScript error: resource://gre/modules/AsyncShutdown.jsm, line 573: uncaught exception: 2147500036
JavaScript error: resource://gre/modules/AsyncShutdown.jsm, line 573: uncaught exception: 2147500036
1612991018549	Marionette	INFO	Stopped listening on port 41299

###!!! [Parent][RunMessage] Error: Channel closing: too late to send/recv, messages will be lost

1612991020202	geckodriver	INFO	Listening on 127.0.0.1:32869
1612991020207	mozrunner::runner	INFO	Running command: "/usr/bin/firefox" "--marionette" "-foreground" "-no-remote" "-profile" "/tmp/rust_mozprofile97nVpD"
console.warn: SearchSettings: "get: No settings file exists, new profile?" (new Error("", "(unknown module)"))
1612991024412	Marionette	INFO	Listening on port 39035
1612991024454	Marionette	WARN	TLS certificate errors will be ignored for this session
1612991024472	Marionette	ERROR	[15] No reply from Marionette:Register
console.warn: SearchSettings: "get: No settings file exists, new profile?" (new Error("", "(unknown module)"))
1612991080093	Marionette	INFO	Stopped listening on port 39035

###!!! [Parent][RunMessage] Error: Channel closing: too late to send/recv, messages will be lost

1612991105153	geckodriver	INFO	Listening on 127.0.0.1:46629
1612991105157	mozrunner::runner	INFO	Running command: "/usr/bin/firefox" "--marionette" "-foreground" "-no-remote" "-profile" "/tmp/rust_mozprofileIgdINY"
console.warn: SearchSettings: "get: No settings file exists, new profile?" (new Error("", "(unknown module)"))
1612991109684	Marionette	INFO	Listening on port 44467
1612991109801	Marionette	WARN	TLS certificate errors will be ignored for this session
1612991109820	Marionette	ERROR	[18] No reply from Marionette:Register
console.warn: SearchSettings: "get: No settings file exists, new profile?" (new Error("", "(unknown module)"))
1612991118193	Marionette	INFO	Stopped listening on port 44467
JavaScript error: resource://activity-stream/lib/ASRouter.jsm, line 987: NS_ERROR_ILLEGAL_VALUE: Component returned failure code: 0x80070057 (NS_ERROR_ILLEGAL_VALUE) [nsIObserverService.removeObserver]

###!!! [Parent][RunMessage] Error: Channel closing: too late to send/recv, messages will be lost

1612991130305	geckodriver	INFO	Listening on 127.0.0.1:52009
1612991130310	mozrunner::runner	INFO	Running command: "/usr/bin/firefox" "--marionette" "-foreground" "-no-remote" "-profile" "/tmp/rust_mozprofile5V1qFa"
console.warn: SearchSettings: "get: No settings file exists, new profile?" (new Error("", "(unknown module)"))
1612991134662	Marionette	INFO	Listening on port 33505
1612991134753	Marionette	WARN	TLS certificate errors will be ignored for this session
1612991134765	Marionette	ERROR	[15] No reply from Marionette:Register
console.warn: SearchSettings: "get: No settings file exists, new profile?" (new Error("", "(unknown module)"))
JavaScript error: , line 0: uncaught exception: undefined
Handler function _httpStopRequest threw an exception: [Exception... "Component returned failure code: 0x80004005 (NS_ERROR_FAILURE) [nsITraceableChannel.setNewListener]"  nsresult: "0x80004005 (NS_ERROR_FAILURE)"  location: "JS frame :: resource://devtools/server/actors/network-monitor/network-observer.js :: _setupResponseListener :: line 1086"  data: no]
Stack: _setupResponseListener@resource://devtools/server/actors/network-monitor/network-observer.js:1086:38
_createNetworkEvent@resource://devtools/server/actors/network-monitor/network-observer.js:912:12
_httpStopRequest@resource://devtools/server/actors/network-monitor/network-observer.js:409:14
exports.makeInfallible/<@resource://devtools/shared/ThreadSafeDevToolsUtils.js:103:22
Line: 1086, column: 0
console.error: ({})
SourceActor threw an exception: [Exception... "Component returned failure code: 0x80470002 (NS_BASE_STREAM_CLOSED) [nsIInputStream.available]"  nsresult: "0x80470002 (NS_BASE_STREAM_CLOSED)"  location: "JS frame :: resource://devtools/shared/DevToolsUtils.js :: onResponse :: line 567"  data: no]
Stack: onResponse@resource://devtools/shared/DevToolsUtils.js:567:34
onStopRequest@resource://gre/modules/NetUtil.jsm:128:18
Line: 567, column: 0
console.error: ({})
JavaScript error: resource://devtools/shared/DevToolsUtils.js, line 567: NS_BASE_STREAM_CLOSED: Component returned failure code: 0x80470002 (NS_BASE_STREAM_CLOSED) [nsIInputStream.available]
1612991339407	Marionette	INFO	Stopped listening on port 33505

###!!! [Parent][RunMessage] Error: Channel closing: too late to send/recv, messages will be lost

1612991340628	geckodriver	INFO	Listening on 127.0.0.1:58123
1612991340632	mozrunner::runner	INFO	Running command: "/usr/bin/firefox" "--marionette" "-foreground" "-no-remote" "-profile" "/tmp/rust_mozprofilevEUN9X"
console.warn: SearchSettings: "get: No settings file exists, new profile?" (new Error("", "(unknown module)"))
1612991345207	Marionette	INFO	Listening on port 41957
1612991345272	Marionette	WARN	TLS certificate errors will be ignored for this session
1612991345286	Marionette	ERROR	[15] No reply from Marionette:Register
console.warn: SearchSettings: "get: No settings file exists, new profile?" (new Error("", "(unknown module)"))
SourceActor threw an exception: [Exception... "Component returned failure code: 0x80470002 (NS_BASE_STREAM_CLOSED) [nsIInputStream.available]"  nsresult: "0x80470002 (NS_BASE_STREAM_CLOSED)"  location: "JS frame :: resource://devtools/shared/DevToolsUtils.js :: onResponse :: line 567"  data: no]
Stack: onResponse@resource://devtools/shared/DevToolsUtils.js:567:34
onStopRequest@resource://gre/modules/NetUtil.jsm:128:18
Line: 567, column: 0
console.error: ({})
JavaScript error: resource://devtools/shared/DevToolsUtils.js, line 567: NS_BASE_STREAM_CLOSED: Component returned failure code: 0x80470002 (NS_BASE_STREAM_CLOSED) [nsIInputStream.available]
SourceActor threw an exception: [Exception... "Component returned failure code: 0x80470002 (NS_BASE_STREAM_CLOSED) [nsIInputStream.available]"  nsresult: "0x80470002 (NS_BASE_STREAM_CLOSED)"  location: "JS frame :: resource://devtools/shared/DevToolsUtils.js :: onResponse :: line 567"  data: no]
Stack: onResponse@resource://devtools/shared/DevToolsUtils.js:567:34
onStopRequest@resource://gre/modules/NetUtil.jsm:128:18
Line: 567, column: 0
console.error: ({})
JavaScript error: resource://devtools/shared/DevToolsUtils.js, line 567: NS_BASE_STREAM_CLOSED: Component returned failure code: 0x80470002 (NS_BASE_STREAM_CLOSED) [nsIInputStream.available]
JavaScript error: https://s0.2mdn.net/sadbundle/4984254980580323154/index.html, line 151: TypeError: a.a is null
JavaScript error: https://s0.2mdn.net/sadbundle/4984254980580323154/index.html, line 166: TypeError: this.a is null
1612992047515	Marionette	INFO	Stopped listening on port 41957
1612992086184	geckodriver	INFO	Listening on 127.0.0.1:56625
1612992086188	mozrunner::runner	INFO	Running command: "/usr/bin/firefox" "--marionette" "-foreground" "-no-remote" "-profile" "/tmp/rust_mozprofileJcp2gd"
console.warn: SearchSettings: "get: No settings file exists, new profile?" (new Error("", "(unknown module)"))
1612992090434	Marionette	INFO	Listening on port 40479
1612992090539	Marionette	WARN	TLS certificate errors will be ignored for this session
1612992090554	Marionette	ERROR	[15] No reply from Marionette:Register
console.warn: SearchSettings: "get: No settings file exists, new profile?" (new Error("", "(unknown module)"))
1612992119457	Marionette	INFO	Stopped listening on port 40479

###!!! [Parent][RunMessage] Error: Channel closing: too late to send/recv, messages will be lost

1612992120136	geckodriver	INFO	Listening on 127.0.0.1:34371
1612992120141	mozrunner::runner	INFO	Running command: "/usr/bin/firefox" "--marionette" "-foreground" "-no-remote" "-profile" "/tmp/rust_mozprofilesABfUa"
console.warn: SearchSettings: "get: No settings file exists, new profile?" (new Error("", "(unknown module)"))
1612992124954	Marionette	INFO	Listening on port 40355
1612992125084	Marionette	WARN	TLS certificate errors will be ignored for this session
1612992125099	Marionette	ERROR	[15] No reply from Marionette:Register
console.warn: SearchSettings: "get: No settings file exists, new profile?" (new Error("", "(unknown module)"))
IPDL protocol error: Handler returned error code!

###!!! [Parent][DispatchAsyncMessage] Error: PMessagePort::Msg_PostMessages Processing error: message was deserialized, but the handler returned false (indicating failure)

JavaScript error: https://tpc.googlesyndication.com/sadbundle/$csp%3Der3$/7949164173714924019/6ca1a5213d7097a4167844e77847a3a7.js, line 1: NS_ERROR_UNEXPECTED: 
1612992170871	geckodriver	INFO	Listening on 127.0.0.1:52131
1612992170876	mozrunner::runner	INFO	Running command: "/usr/bin/firefox" "--marionette" "-foreground" "-no-remote" "-profile" "/tmp/rust_mozprofilecIDguW"
1612992172449	Marionette	INFO	Stopped listening on port 40355

###!!! [Parent][RunMessage] Error: Channel closing: too late to send/recv, messages will be lost

console.warn: SearchSettings: "get: No settings file exists, new profile?" (new Error("", "(unknown module)"))
1612992175742	Marionette	INFO	Listening on port 45861
1612992175825	Marionette	WARN	TLS certificate errors will be ignored for this session
1612992175851	Marionette	ERROR	[15] No reply from Marionette:Register
console.warn: SearchSettings: "get: No settings file exists, new profile?" (new Error("", "(unknown module)"))
JavaScript error: https://tpc.googlesyndication.com/sadbundle/$csp%3Der3$/7949164173714924019/6ca1a5213d7097a4167844e77847a3a7.js, line 1: NS_ERROR_UNEXPECTED: 
JavaScript error: , line 0: NotFoundError: No such JSWindowActor 'MarionetteEvents'
JavaScript error: , line 0: NotFoundError: No such JSWindowActor 'MarionetteEvents'
JavaScript error: , line 0: NotFoundError: No such JSWindowActor 'MarionetteEvents'
1612992220623	Marionette	INFO	Stopped listening on port 45861

###!!! [Parent][RunMessage] Error: Channel closing: too late to send/recv, messages will be lost

1612992276742	geckodriver	INFO	Listening on 127.0.0.1:59949
1612992276746	mozrunner::runner	INFO	Running command: "/usr/bin/firefox" "--marionette" "-foreground" "-no-remote" "-profile" "/tmp/rust_mozprofilec42VZb"
console.warn: SearchSettings: "get: No settings file exists, new profile?" (new Error("", "(unknown module)"))
1612992281058	Marionette	INFO	Listening on port 44595
1612992281177	Marionette	WARN	TLS certificate errors will be ignored for this session
1612992281192	Marionette	ERROR	[15] No reply from Marionette:Register
console.warn: SearchSettings: "get: No settings file exists, new profile?" (new Error("", "(unknown module)"))
1612992308750	Marionette	INFO	Stopped listening on port 44595

###!!! [Parent][RunMessage] Error: Channel closing: too late to send/recv, messages will be lost

1612992308961	geckodriver	INFO	Listening on 127.0.0.1:44503
1612992308965	mozrunner::runner	INFO	Running command: "/usr/bin/firefox" "--marionette" "-foreground" "-no-remote" "-profile" "/tmp/rust_mozprofileG5D872"
console.warn: SearchSettings: "get: No settings file exists, new profile?" (new Error("", "(unknown module)"))
1612992313749	Marionette	INFO	Listening on port 44245
1612992313805	Marionette	WARN	TLS certificate errors will be ignored for this session
1612992313820	Marionette	ERROR	[15] No reply from Marionette:Register
console.warn: SearchSettings: "get: No settings file exists, new profile?" (new Error("", "(unknown module)"))
1612992528102	geckodriver	INFO	Listening on 127.0.0.1:37471
1612992528106	mozrunner::runner	INFO	Running command: "/usr/bin/firefox" "--marionette" "-foreground" "-no-remote" "-profile" "/tmp/rust_mozprofileaog5Yz"
1612992538317	geckodriver	INFO	Listening on 127.0.0.1:54123
1612992538352	mozrunner::runner	INFO	Running command: "/usr/bin/firefox" "--marionette" "-foreground" "-no-remote" "-profile" "/tmp/rust_mozprofilee93Oe6"
console.warn: SearchSettings: "get: No settings file exists, new profile?" (new Error("", "(unknown module)"))
1612992542981	Marionette	INFO	Listening on port 46329
1612992543097	Marionette	WARN	TLS certificate errors will be ignored for this session
1612992543114	Marionette	ERROR	[15] No reply from Marionette:Register
console.warn: SearchSettings: "get: No settings file exists, new profile?" (new Error("", "(unknown module)"))
1612992587396	Marionette	INFO	Stopped listening on port 46329

###!!! [Parent][RunMessage] Error: Channel closing: too late to send/recv, messages will be lost

1612992656824	geckodriver	INFO	Listening on 127.0.0.1:40621
1612992656828	mozrunner::runner	INFO	Running command: "/usr/bin/firefox" "--marionette" "-foreground" "-no-remote" "-profile" "/tmp/rust_mozprofile9nEEwM"
console.warn: SearchSettings: "get: No settings file exists, new profile?" (new Error("", "(unknown module)"))
1612992661408	Marionette	INFO	Listening on port 40401
1612992661493	Marionette	WARN	TLS certificate errors will be ignored for this session
1612992661515	Marionette	ERROR	[15] No reply from Marionette:Register
console.warn: SearchSettings: "get: No settings file exists, new profile?" (new Error("", "(unknown module)"))
JavaScript error: https://www.googletagservices.com/activeview/js/current/rx_lidar.js?cache=r20110914, line 124: NS_ERROR_NOT_INITIALIZED: 
1612992769921	geckodriver	INFO	Listening on 127.0.0.1:47995
1612992769926	mozrunner::runner	INFO	Running command: "/usr/bin/firefox" "--marionette" "-foreground" "-no-remote" "-profile" "/tmp/rust_mozprofileFt9xZ6"
console.warn: SearchSettings: "get: No settings file exists, new profile?" (new Error("", "(unknown module)"))
1612992774877	Marionette	INFO	Listening on port 43301
1612992774961	Marionette	WARN	TLS certificate errors will be ignored for this session
1612992774979	Marionette	ERROR	[15] No reply from Marionette:Register
console.warn: SearchSettings: "get: No settings file exists, new profile?" (new Error("", "(unknown module)"))
1612992778778	Marionette	INFO	Stopped listening on port 40401

###!!! [Parent][RunMessage] Error: Channel closing: too late to send/recv, messages will be lost

1612992781545	Marionette	INFO	Stopped listening on port 44245

###!!! [Parent][RunMessage] Error: Channel closing: too late to send/recv, messages will be lost

JavaScript error: https://tpc.googlesyndication.com/sadbundle/$csp%3Der3$/8094675656619695294/458e6edb76583135ae97837e728f2c5e.js, line 1: NS_ERROR_UNEXPECTED: 
JavaScript error: , line 0: NotFoundError: No such JSWindowActor 'MarionetteEvents'
JavaScript error: , line 0: NotFoundError: No such JSWindowActor 'MarionetteEvents'
1612992876093	Marionette	INFO	Stopped listening on port 43301
1612992884541	geckodriver	INFO	Listening on 127.0.0.1:47885
1612992884545	mozrunner::runner	INFO	Running command: "/usr/bin/firefox" "--marionette" "-foreground" "-no-remote" "-profile" "/tmp/rust_mozprofileM91wxX"
console.warn: SearchSettings: "get: No settings file exists, new profile?" (new Error("", "(unknown module)"))
1612992888729	Marionette	INFO	Listening on port 39247
1612992888790	Marionette	WARN	TLS certificate errors will be ignored for this session
1612992888806	Marionette	ERROR	[15] No reply from Marionette:Register
console.warn: SearchSettings: "get: No settings file exists, new profile?" (new Error("", "(unknown module)"))
1612992944023	Marionette	INFO	Stopped listening on port 39247

###!!! [Parent][RunMessage] Error: Channel closing: too late to send/recv, messages will be lost

1612993029635	geckodriver	INFO	Listening on 127.0.0.1:59453
1612993029639	mozrunner::runner	INFO	Running command: "/usr/bin/firefox" "--marionette" "-foreground" "-no-remote" "-profile" "/tmp/rust_mozprofileYrvwSM"
console.warn: SearchSettings: "get: No settings file exists, new profile?" (new Error("", "(unknown module)"))
1612993034162	Marionette	INFO	Listening on port 34709
1612993034277	Marionette	WARN	TLS certificate errors will be ignored for this session
1612993034292	Marionette	ERROR	[15] No reply from Marionette:Register
console.warn: SearchSettings: "get: No settings file exists, new profile?" (new Error("", "(unknown module)"))
1612993100167	Marionette	INFO	Stopped listening on port 34709

###!!! [Parent][RunMessage] Error: Channel closing: too late to send/recv, messages will be lost

1612993101042	geckodriver	INFO	Listening on 127.0.0.1:40695
1612993101047	mozrunner::runner	INFO	Running command: "/usr/bin/firefox" "--marionette" "-foreground" "-no-remote" "-profile" "/tmp/rust_mozprofileFwslDU"
console.warn: SearchSettings: "get: No settings file exists, new profile?" (new Error("", "(unknown module)"))
1612993105536	Marionette	INFO	Listening on port 33451
1612993105586	Marionette	WARN	TLS certificate errors will be ignored for this session
1612993105603	Marionette	ERROR	[15] No reply from Marionette:Register
console.warn: SearchSettings: "get: No settings file exists, new profile?" (new Error("", "(unknown module)"))
JavaScript error: https://imasdk.googleapis.com/formats/outstream/versioned/prod2/outstream_web_client_20210203_RC00/outstream.min.js, line 591: Error: lima_error_fetching_ad: Request timed out
JavaScript error: https://imasdk.googleapis.com/formats/outstream/versioned/prod2/outstream_web_client_20210203_RC00/outstream.min.js, line 591: Error: lima_error_fetching_ad: Wrapper was followed but led to an empty ad response.
1612993209534	geckodriver	INFO	Listening on 127.0.0.1:56137
1612993209537	mozrunner::runner	INFO	Running command: "/usr/bin/firefox" "--marionette" "-foreground" "-no-remote" "-profile" "/tmp/rust_mozprofile9JsU6T"
1612993211442	Marionette	INFO	Stopped listening on port 33451

###!!! [Parent][RunMessage] Error: Channel closing: too late to send/recv, messages will be lost

console.warn: SearchSettings: "get: No settings file exists, new profile?" (new Error("", "(unknown module)"))
1612993214288	Marionette	INFO	Listening on port 37331
1612993214389	Marionette	WARN	TLS certificate errors will be ignored for this session
1612993214403	Marionette	ERROR	[15] No reply from Marionette:Register
console.warn: SearchSettings: "get: No settings file exists, new profile?" (new Error("", "(unknown module)"))
1612993241747	geckodriver	INFO	Listening on 127.0.0.1:35273
1612993241751	mozrunner::runner	INFO	Running command: "/usr/bin/firefox" "--marionette" "-foreground" "-no-remote" "-profile" "/tmp/rust_mozprofileu4vxwc"
console.warn: SearchSettings: "get: No settings file exists, new profile?" (new Error("", "(unknown module)"))
1612993246559	Marionette	INFO	Listening on port 36813
1612993246613	Marionette	WARN	TLS certificate errors will be ignored for this session
1612993246632	Marionette	ERROR	[15] No reply from Marionette:Register
console.warn: SearchSettings: "get: No settings file exists, new profile?" (new Error("", "(unknown module)"))
1612993250234	Marionette	INFO	Stopped listening on port 37331

###!!! [Parent][RunMessage] Error: Channel closing: too late to send/recv, messages will be lost

JavaScript error: resource://activity-stream/lib/ASRouter.jsm, line 987: NS_ERROR_ILLEGAL_VALUE: Component returned failure code: 0x80070057 (NS_ERROR_ILLEGAL_VALUE) [nsIObserverService.removeObserver]
1612993293216	Marionette	INFO	Stopped listening on port 36813
1612993485671	geckodriver	INFO	Listening on 127.0.0.1:48587
1612993485675	mozrunner::runner	INFO	Running command: "/usr/bin/firefox" "--marionette" "-foreground" "-no-remote" "-profile" "/tmp/rust_mozprofileNW5R4f"
console.warn: SearchSettings: "get: No settings file exists, new profile?" (new Error("", "(unknown module)"))
1612993490217	Marionette	INFO	Listening on port 44795
1612993490321	Marionette	WARN	TLS certificate errors will be ignored for this session
1612993490338	Marionette	ERROR	[15] No reply from Marionette:Register
console.warn: SearchSettings: "get: No settings file exists, new profile?" (new Error("", "(unknown module)"))
1612993513647	geckodriver	INFO	Listening on 127.0.0.1:47653
1612993513651	mozrunner::runner	INFO	Running command: "/usr/bin/firefox" "--marionette" "-foreground" "-no-remote" "-profile" "/tmp/rust_mozprofilelKhaHJ"
console.warn: SearchSettings: "get: No settings file exists, new profile?" (new Error("", "(unknown module)"))
JavaScript error: resource://activity-stream/lib/ActivityStreamPrefs.jsm, line 27: NS_ERROR_ILLEGAL_VALUE: Component returned failure code: 0x80070057 (NS_ERROR_ILLEGAL_VALUE) [nsIPrefBranch.removeObserver]
JavaScript error: resource://activity-stream/lib/ASRouterNewTabHook.jsm, line 61: TypeError: this._router is null
console.error: services.settings: 
  main/fxmonitor-breaches Signature failed  TypeError: NetworkError when attempting to fetch resource.
console.error: Region.jsm: "Error fetching region" (new TypeError("NetworkError when attempting to fetch resource.", ""))
console.error: Region.jsm: "Failed to fetch region" (new Error("NO_RESULT", "resource://gre/modules/Region.jsm", 422))
console.error: (new Error("Connection closed before committing the transaction.", "resource://gre/modules/Sqlite.jsm", 688))
JavaScript error: resource://gre/modules/JSONFile.jsm, line 196: Error: Data is not ready.
console.log: "RemoteSettingsWorker error: Error: Can't import when we've started shutting down."
JavaScript error: resource://activity-stream/lib/PlacesFeed.jsm, line 194: NS_ERROR_UNEXPECTED: Component returned failure code: 0x8000ffff (NS_ERROR_UNEXPECTED) [nsINavHistoryService.addObserver]
JavaScript error: resource://gre/modules/ExtensionSettingsStore.jsm, line 122: Error: The ExtensionSettingsStore was accessed before the initialize promise resolved.
console.log: "RemoteSettingsWorker error: Error: Can't import when we've started shutting down."
console.log: "RemoteSettingsWorker error: Error: Can't import when we've started shutting down."
console.log: "RemoteSettingsWorker error: Error: Can't import when we've started shutting down."
console.error: "Could not load engine google@search.mozilla.org: [Exception... \"AddonManager is not initialized\"  nsresult: \"0xc1f30001 (NS_ERROR_NOT_INITIALIZED)\"  location: \"JS frame :: resource://gre/modules/AddonManager.jsm :: installBuiltinAddon :: line 2550\"  data: no]"
console.error: "Could not load engine wikipedia@search.mozilla.org: [Exception... \"AddonManager is not initialized\"  nsresult: \"0xc1f30001 (NS_ERROR_NOT_INITIALIZED)\"  location: \"JS frame :: resource://gre/modules/AddonManager.jsm :: installBuiltinAddon :: line 2550\"  data: no]"
console.error: "Could not load engine mercadolivre@search.mozilla.org: [Exception... \"AddonManager is not initialized\"  nsresult: \"0xc1f30001 (NS_ERROR_NOT_INITIALIZED)\"  location: \"JS frame :: resource://gre/modules/AddonManager.jsm :: installBuiltinAddon :: line 2550\"  data: no]"
console.error: "Could not load engine bing@search.mozilla.org: [Exception... \"AddonManager is not initialized\"  nsresult: \"0xc1f30001 (NS_ERROR_NOT_INITIALIZED)\"  location: \"JS frame :: resource://gre/modules/AddonManager.jsm :: installBuiltinAddon :: line 2550\"  data: no]"
console.error: "Could not load engine ddg@search.mozilla.org: [Exception... \"AddonManager is not initialized\"  nsresult: \"0xc1f30001 (NS_ERROR_NOT_INITIALIZED)\"  location: \"JS frame :: resource://gre/modules/AddonManager.jsm :: installBuiltinAddon :: line 2550\"  data: no]"
console.warn: SearchService: "_init: abandoning init due to shutting down"
JavaScript error: , line 0: uncaught exception: 2147500036
JavaScript error: , line 0: uncaught exception: 2147500036
JavaScript error: , line 0: uncaught exception: 2147500036
JavaScript error: , line 0: uncaught exception: 2147500036
JavaScript error: , line 0: uncaught exception: 2147500036
console.error: PushService: 
  stateChangeProcessEnqueue: Error transitioning state
  AbortError
console.error: PushService: 
  clearOriginData: Error clearing origin data:
  AbortError
1612993525846	geckodriver	INFO	Listening on 127.0.0.1:60227
1612993525850	mozrunner::runner	INFO	Running command: "/usr/bin/firefox" "--marionette" "-foreground" "-no-remote" "-profile" "/tmp/rust_mozprofileQi1jEu"
console.warn: SearchSettings: "get: No settings file exists, new profile?" (new Error("", "(unknown module)"))
1612993530806	Marionette	INFO	Listening on port 38171
1612993530905	Marionette	WARN	TLS certificate errors will be ignored for this session
1612993530922	Marionette	ERROR	[15] No reply from Marionette:Register
console.warn: SearchSettings: "get: No settings file exists, new profile?" (new Error("", "(unknown module)"))
1612993632418	Marionette	INFO	Stopped listening on port 38171
1612993644288	geckodriver	INFO	Listening on 127.0.0.1:60701
1612993644292	mozrunner::runner	INFO	Running command: "/usr/bin/firefox" "--marionette" "-foreground" "-no-remote" "-profile" "/tmp/rust_mozprofilewFLnMX"
console.warn: SearchSettings: "get: No settings file exists, new profile?" (new Error("", "(unknown module)"))
1612993649469	Marionette	INFO	Listening on port 38401
1612993649554	Marionette	WARN	TLS certificate errors will be ignored for this session
1612993649571	Marionette	ERROR	[15] No reply from Marionette:Register
console.warn: SearchSettings: "get: No settings file exists, new profile?" (new Error("", "(unknown module)"))
1612993674395	Marionette	INFO	Stopped listening on port 38401

###!!! [Parent][RunMessage] Error: Channel closing: too late to send/recv, messages will be lost

1612993682347	Marionette	INFO	Stopped listening on port 44795

###!!! [Parent][RunMessage] Error: Channel closing: too late to send/recv, messages will be lost

1612993747654	geckodriver	INFO	Listening on 127.0.0.1:54813
1612993747659	mozrunner::runner	INFO	Running command: "/usr/bin/firefox" "--marionette" "-foreground" "-no-remote" "-profile" "/tmp/rust_mozprofileFtyCCV"
console.warn: SearchSettings: "get: No settings file exists, new profile?" (new Error("", "(unknown module)"))
1612993752022	Marionette	INFO	Listening on port 41203
1612993752107	Marionette	WARN	TLS certificate errors will be ignored for this session
1612993752122	Marionette	ERROR	[15] No reply from Marionette:Register
console.warn: SearchSettings: "get: No settings file exists, new profile?" (new Error("", "(unknown module)"))
JavaScript error: https://imasdk.googleapis.com/formats/outstream/versioned/prod2/outstream_web_client_20210203_RC00/outstream.min.js, line 591: Error: lima_error_fetching_ad: Wrapper was followed but led to an empty ad response.
JavaScript error: https://imasdk.googleapis.com/formats/outstream/versioned/prod2/outstream_web_client_20210203_RC00/outstream.min.js, line 591: Error: lima_error_fetching_ad: Wrapper was followed but led to an empty ad response.
1612993852202	Marionette	INFO	Stopped listening on port 41203
1612993971860	geckodriver	INFO	Listening on 127.0.0.1:56909
1612993971863	mozrunner::runner	INFO	Running command: "/usr/bin/firefox" "--marionette" "-foreground" "-no-remote" "-profile" "/tmp/rust_mozprofileVHaJFT"
console.warn: SearchSettings: "get: No settings file exists, new profile?" (new Error("", "(unknown module)"))
1612993976274	Marionette	INFO	Listening on port 34119
1612993976395	Marionette	WARN	TLS certificate errors will be ignored for this session
1612993976409	Marionette	ERROR	[15] No reply from Marionette:Register
console.warn: SearchSettings: "get: No settings file exists, new profile?" (new Error("", "(unknown module)"))
IPDL protocol error: Handler returned error code!

###!!! [Parent][DispatchAsyncMessage] Error: PMessagePort::Msg_PostMessages Processing error: message was deserialized, but the handler returned false (indicating failure)

1612994040304	geckodriver	INFO	Listening on 127.0.0.1:59611
1612994040307	mozrunner::runner	INFO	Running command: "/usr/bin/firefox" "--marionette" "-foreground" "-no-remote" "-profile" "/tmp/rust_mozprofileNcPzEW"
console.warn: SearchSettings: "get: No settings file exists, new profile?" (new Error("", "(unknown module)"))
1612994045445	Marionette	INFO	Listening on port 36511
1612994045551	Marionette	WARN	TLS certificate errors will be ignored for this session
1612994045572	Marionette	ERROR	[15] No reply from Marionette:Register
console.warn: SearchSettings: "get: No settings file exists, new profile?" (new Error("", "(unknown module)"))
1612994069969	Marionette	INFO	Stopped listening on port 36511

###!!! [Parent][RunMessage] Error: Channel closing: too late to send/recv, messages will be lost

1612994072450	Marionette	INFO	Stopped listening on port 34119

###!!! [Parent][RunMessage] Error: Channel closing: too late to send/recv, messages will be lost

1612994127692	geckodriver	INFO	Listening on 127.0.0.1:37387
1612994127708	mozrunner::runner	INFO	Running command: "/usr/bin/firefox" "--marionette" "-foreground" "-no-remote" "-profile" "/tmp/rust_mozprofiledXkDmo"
console.warn: SearchSettings: "get: No settings file exists, new profile?" (new Error("", "(unknown module)"))
1612994132146	Marionette	INFO	Listening on port 46225
1612994132244	Marionette	WARN	TLS certificate errors will be ignored for this session
1612994132259	Marionette	ERROR	[18] No reply from Marionette:Register
console.warn: SearchSettings: "get: No settings file exists, new profile?" (new Error("", "(unknown module)"))
1612994139216	Marionette	INFO	Stopped listening on port 46225

###!!! [Parent][RunMessage] Error: Channel closing: too late to send/recv, messages will be lost

1612994141537	geckodriver	INFO	Listening on 127.0.0.1:50789
1612994141541	mozrunner::runner	INFO	Running command: "/usr/bin/firefox" "--marionette" "-foreground" "-no-remote" "-profile" "/tmp/rust_mozprofileSlt2Q5"
console.warn: SearchSettings: "get: No settings file exists, new profile?" (new Error("", "(unknown module)"))
1612994145883	Marionette	INFO	Listening on port 35681
1612994145976	Marionette	WARN	TLS certificate errors will be ignored for this session
1612994145993	Marionette	ERROR	[15] No reply from Marionette:Register
console.warn: SearchSettings: "get: No settings file exists, new profile?" (new Error("", "(unknown module)"))
1612994242654	geckodriver	INFO	Listening on 127.0.0.1:60155
1612994242658	mozrunner::runner	INFO	Running command: "/usr/bin/firefox" "--marionette" "-foreground" "-no-remote" "-profile" "/tmp/rust_mozprofilemTysq1"
console.warn: SearchSettings: "get: No settings file exists, new profile?" (new Error("", "(unknown module)"))
1612994247598	Marionette	INFO	Listening on port 42023
1612994247705	Marionette	WARN	TLS certificate errors will be ignored for this session
1612994247721	Marionette	ERROR	[15] No reply from Marionette:Register
console.warn: SearchSettings: "get: No settings file exists, new profile?" (new Error("", "(unknown module)"))
1612994254331	Marionette	INFO	Stopped listening on port 35681

###!!! [Parent][RunMessage] Error: Channel closing: too late to send/recv, messages will be lost

1612994257293	Marionette	WARN	Ignoring event 'DOMContentLoaded' because document has an invalid readyState of 'complete'.
1612994825175	geckodriver	INFO	Listening on 127.0.0.1:49505
1612994825180	mozrunner::runner	INFO	Running command: "/usr/bin/firefox" "--marionette" "-foreground" "-no-remote" "-profile" "/tmp/rust_mozprofilewOCHt1"
console.warn: SearchSettings: "get: No settings file exists, new profile?" (new Error("", "(unknown module)"))
1612994830069	Marionette	INFO	Listening on port 40741
1612994830133	Marionette	WARN	TLS certificate errors will be ignored for this session
1612994830161	Marionette	ERROR	[15] No reply from Marionette:Register
console.warn: SearchSettings: "get: No settings file exists, new profile?" (new Error("", "(unknown module)"))
1612994839736	Marionette	WARN	Ignoring event 'DOMContentLoaded' because document has an invalid readyState of 'complete'.
JavaScript error: https://tpc.googlesyndication.com/sadbundle/$csp%3Der3$/16996289523469190622/458e6edb76583135ae97837e728f2c5e.js, line 1: NS_ERROR_UNEXPECTED: 
1612994911862	Marionette	INFO	Stopped listening on port 40741

###!!! [Parent][RunMessage] Error: Channel closing: too late to send/recv, messages will be lost

1612994971262	geckodriver	INFO	Listening on 127.0.0.1:55617
1612994971265	mozrunner::runner	INFO	Running command: "/usr/bin/firefox" "--marionette" "-foreground" "-no-remote" "-profile" "/tmp/rust_mozprofileotFUC3"
console.warn: SearchSettings: "get: No settings file exists, new profile?" (new Error("", "(unknown module)"))
1612994976118	Marionette	INFO	Listening on port 40329
1612994976223	Marionette	WARN	TLS certificate errors will be ignored for this session
1612994976236	Marionette	ERROR	[15] No reply from Marionette:Register
console.warn: SearchSettings: "get: No settings file exists, new profile?" (new Error("", "(unknown module)"))
1612994991086	Marionette	INFO	Stopped listening on port 40329

###!!! [Child][MessageChannel] Error: (msgtype=0x580018,name=PHal::Msg_UnlockScreenOrientation) Channel closing: too late to send/recv, messages will be lost


###!!! [Child][MessageChannel] Error: (msgtype=0x580018,name=PHal::Msg_UnlockScreenOrientation) Channel closing: too late to send/recv, messages will be lost


###!!! [Parent][RunMessage] Error: Channel closing: too late to send/recv, messages will be lost

1612995067405	geckodriver	INFO	Listening on 127.0.0.1:34965
1612995067408	mozrunner::runner	INFO	Running command: "/usr/bin/firefox" "--marionette" "-foreground" "-no-remote" "-profile" "/tmp/rust_mozprofile9mYxaq"
console.warn: SearchSettings: "get: No settings file exists, new profile?" (new Error("", "(unknown module)"))
1612995072132	Marionette	INFO	Listening on port 41235
1612995072249	Marionette	WARN	TLS certificate errors will be ignored for this session
1612995072264	Marionette	ERROR	[15] No reply from Marionette:Register
console.warn: SearchSettings: "get: No settings file exists, new profile?" (new Error("", "(unknown module)"))
1612995085291	Marionette	INFO	Stopped listening on port 41235

###!!! [Parent][RunMessage] Error: Channel closing: too late to send/recv, messages will be lost

1612995109640	geckodriver	INFO	Listening on 127.0.0.1:50793
1612995109644	mozrunner::runner	INFO	Running command: "/usr/bin/firefox" "--marionette" "-foreground" "-no-remote" "-profile" "/tmp/rust_mozprofile9sZJTi"
JavaScript error: resource://activity-stream/lib/ASRouter.jsm, line 987: NS_ERROR_ILLEGAL_VALUE: Component returned failure code: 0x80070057 (NS_ERROR_ILLEGAL_VALUE) [nsIObserverService.removeObserver]
1612995113221	Marionette	INFO	Stopped listening on port 42023

###!!! [Parent][RunMessage] Error: Channel closing: too late to send/recv, messages will be lost

console.warn: SearchSettings: "get: No settings file exists, new profile?" (new Error("", "(unknown module)"))
1612995115016	Marionette	INFO	Listening on port 40201
1612995115097	Marionette	WARN	TLS certificate errors will be ignored for this session
1612995115120	Marionette	ERROR	[15] No reply from Marionette:Register
console.warn: SearchSettings: "get: No settings file exists, new profile?" (new Error("", "(unknown module)"))
JavaScript error: , line 0: uncaught exception: undefined
1612995124236	Marionette	INFO	Stopped listening on port 40201

###!!! [Parent][RunMessage] Error: Channel closing: too late to send/recv, messages will be lost

1612995125879	geckodriver	INFO	Listening on 127.0.0.1:49663
1612995125882	mozrunner::runner	INFO	Running command: "/usr/bin/firefox" "--marionette" "-foreground" "-no-remote" "-profile" "/tmp/rust_mozprofilem3qH2D"
console.warn: SearchSettings: "get: No settings file exists, new profile?" (new Error("", "(unknown module)"))
1612995130489	Marionette	INFO	Listening on port 32855
1612995130520	Marionette	WARN	TLS certificate errors will be ignored for this session
1612995130537	Marionette	ERROR	[15] No reply from Marionette:Register
console.warn: SearchSettings: "get: No settings file exists, new profile?" (new Error("", "(unknown module)"))
IPDL protocol error: Handler returned error code!

###!!! [Parent][DispatchAsyncMessage] Error: PMessagePort::Msg_PostMessages Processing error: message was deserialized, but the handler returned false (indicating failure)

1612995160784	Marionette	INFO	Stopped listening on port 32855
JavaScript error: , line 0: uncaught exception: undefined

###!!! [Parent][RunMessage] Error: Channel closing: too late to send/recv, messages will be lost

1612995226065	geckodriver	INFO	Listening on 127.0.0.1:43799
1612995226070	mozrunner::runner	INFO	Running command: "/usr/bin/firefox" "--marionette" "-foreground" "-no-remote" "-profile" "/tmp/rust_mozprofileKIITRz"
console.warn: SearchSettings: "get: No settings file exists, new profile?" (new Error("", "(unknown module)"))
1612995230417	Marionette	INFO	Listening on port 41517
1612995230509	Marionette	WARN	TLS certificate errors will be ignored for this session
1612995230525	Marionette	ERROR	[15] No reply from Marionette:Register
console.warn: SearchSettings: "get: No settings file exists, new profile?" (new Error("", "(unknown module)"))
1612995240685	Marionette	INFO	Stopped listening on port 41517
1612995271227	geckodriver	INFO	Listening on 127.0.0.1:53495
1612995271231	mozrunner::runner	INFO	Running command: "/usr/bin/firefox" "--marionette" "-foreground" "-no-remote" "-profile" "/tmp/rust_mozprofileT68XIM"
console.warn: SearchSettings: "get: No settings file exists, new profile?" (new Error("", "(unknown module)"))
1612995275829	Marionette	INFO	Listening on port 38617
1612995275886	Marionette	WARN	TLS certificate errors will be ignored for this session
1612995275908	Marionette	ERROR	[15] No reply from Marionette:Register
console.warn: SearchSettings: "get: No settings file exists, new profile?" (new Error("", "(unknown module)"))
1612995288870	Marionette	INFO	Stopped listening on port 38617

###!!! [Parent][RunMessage] Error: Channel closing: too late to send/recv, messages will be lost

